build/app/intermediates/manifest_merge_blame_file/debug/manifest-merger-blame-debug-report.txt
1<?xml version="1.0" encoding="utf-8"?>
2<manifest xmlns:android="http://schemas.android.com/apk/res/android"
3    package="com.example.time_tracker"
4    android:versionCode="1"
5    android:versionName="1.0.0" >
6
7    <uses-sdk
8        android:minSdkVersion="21"
9        android:targetSdkVersion="30" />
10    <!--
11         Flutter needs it to communicate with the running application
12         to allow setting breakpoints, to provide hot reload, etc.
13    -->
14    <uses-permission android:name="android.permission.INTERNET" />
14-->src\main\AndroidManifest.xml:6:3-64
14-->src\main\AndroidManifest.xml:6:20-62
15    <uses-permission android:name="android.permission.ACCESS_NETWORK_STATE" />
15-->[com.google.firebase:firebase-auth:21.0.1] AndroidManifest.xml:24:5-79
15-->[com.google.firebase:firebase-auth:21.0.1] AndroidManifest.xml:24:22-76
16    <uses-permission android:name="com.google.android.finsky.permission.BIND_GET_INSTALL_REFERRER_SERVICE" />
16-->[com.android.installreferrer:installreferrer:1.0] AndroidManifest.xml:9:5-110
16-->[com.android.installreferrer:installreferrer:1.0] AndroidManifest.xml:9:22-107
17
18    <application
18-->src\main\AndroidManifest.xml:8:4-65:19
19        android:appComponentFactory="androidx.core.app.CoreComponentFactory"
19-->[androidx.core:core:1.1.0] AndroidManifest.xml:24:18-86
20        android:debuggable="true"
21        android:icon="@mipmap/ic_launcher"
21-->src\main\AndroidManifest.xml:10:9-43
22        android:label="time_tracker"
22-->src\main\AndroidManifest.xml:9:9-37
23        android:supportsRtl="true" >
23-->[com.facebook.android:facebook-login:8.1.0] AndroidManifest.xml:28:18-44
24        <activity
24-->src\main\AndroidManifest.xml:11:9-39:20
25            android:name="com.example.time_tracker.MainActivity"
25-->src\main\AndroidManifest.xml:12:13-41
26            android:configChanges="orientation|keyboardHidden|keyboard|screenSize|smallestScreenSize|locale|layoutDirection|fontScale|screenLayout|density|uiMode"
26-->src\main\AndroidManifest.xml:15:13-163
27            android:hardwareAccelerated="true"
27-->src\main\AndroidManifest.xml:16:13-47
28            android:launchMode="singleTop"
28-->src\main\AndroidManifest.xml:13:13-43
29            android:theme="@style/LaunchTheme"
29-->src\main\AndroidManifest.xml:14:13-47
30            android:windowSoftInputMode="adjustResize" >
30-->src\main\AndroidManifest.xml:17:13-55
31
32            <!--
33                 Specifies an Android theme to apply to this Activity as soon as
34                 the Android process has started. This theme is visible to the user
35                 while the Flutter UI initializes. After that, this theme continues
36                 to determine the Window background behind the Flutter UI.
37            -->
38            <meta-data
38-->src\main\AndroidManifest.xml:22:13-25:17
39                android:name="io.flutter.embedding.android.NormalTheme"
39-->src\main\AndroidManifest.xml:23:15-70
40                android:resource="@style/NormalTheme" />
40-->src\main\AndroidManifest.xml:24:15-52
41            <!--
42                 Displays an Android View that continues showing the launch screen
43                 Drawable until Flutter paints its first frame, then this splash
44                 screen fades out. A splash screen is useful to avoid any visual
45                 gap between the end of Android's launch screen and the painting of
46                 Flutter's first frame.
47            -->
48            <meta-data
48-->src\main\AndroidManifest.xml:31:13-34:17
49                android:name="io.flutter.embedding.android.SplashScreenDrawable"
49-->src\main\AndroidManifest.xml:32:15-79
50                android:resource="@drawable/launch_background" />
50-->src\main\AndroidManifest.xml:33:15-61
51
52            <intent-filter>
52-->src\main\AndroidManifest.xml:35:13-38:29
53                <action android:name="android.intent.action.MAIN" />
53-->src\main\AndroidManifest.xml:36:17-68
53-->src\main\AndroidManifest.xml:36:25-66
54
55                <category android:name="android.intent.category.LAUNCHER" />
55-->src\main\AndroidManifest.xml:37:17-76
55-->src\main\AndroidManifest.xml:37:27-74
56            </intent-filter>
57        </activity>
58
59        <meta-data
59-->src\main\AndroidManifest.xml:42:9-43:50
60            android:name="com.facebook.sdk.ApplicationId"
60-->src\main\AndroidManifest.xml:42:20-65
61            android:value="@string/facebook_app_id" />
61-->src\main\AndroidManifest.xml:43:9-48
62
63        <activity
63-->src\main\AndroidManifest.xml:45:5-48:44
64            android:name="com.facebook.FacebookActivity"
64-->src\main\AndroidManifest.xml:45:15-59
65            android:configChanges="keyboard|keyboardHidden|screenLayout|screenSize|orientation"
65-->src\main\AndroidManifest.xml:46:9-110
66            android:label="@string/app_name"
66-->src\main\AndroidManifest.xml:48:9-41
67            android:theme="@style/com_facebook_activity_theme" />
67-->[com.facebook.android:facebook-common:8.1.0] AndroidManifest.xml:33:13-63
68        <activity
68-->src\main\AndroidManifest.xml:49:5-58:16
69            android:name="com.facebook.CustomTabActivity"
69-->src\main\AndroidManifest.xml:50:9-54
70            android:exported="true" >
70-->src\main\AndroidManifest.xml:51:9-32
71            <intent-filter>
71-->src\main\AndroidManifest.xml:52:9-57:25
72                <action android:name="android.intent.action.VIEW" />
72-->src\main\AndroidManifest.xml:53:13-65
72-->src\main\AndroidManifest.xml:53:21-62
73
74                <category android:name="android.intent.category.DEFAULT" />
74-->src\main\AndroidManifest.xml:54:13-72
74-->src\main\AndroidManifest.xml:54:23-69
75                <category android:name="android.intent.category.BROWSABLE" />
75-->src\main\AndroidManifest.xml:55:13-74
75-->src\main\AndroidManifest.xml:55:23-71
76
77                <data android:scheme="@string/fb_login_protocol_scheme" />
77-->src\main\AndroidManifest.xml:56:13-71
77-->src\main\AndroidManifest.xml:56:19-68
78            </intent-filter>
79            <intent-filter>
79-->[com.facebook.android:facebook-common:8.1.0] AndroidManifest.xml:39:13-48:29
80                <action android:name="android.intent.action.VIEW" />
80-->src\main\AndroidManifest.xml:53:13-65
80-->src\main\AndroidManifest.xml:53:21-62
81
82                <category android:name="android.intent.category.DEFAULT" />
82-->src\main\AndroidManifest.xml:54:13-72
82-->src\main\AndroidManifest.xml:54:23-69
83                <category android:name="android.intent.category.BROWSABLE" />
83-->src\main\AndroidManifest.xml:55:13-74
83-->src\main\AndroidManifest.xml:55:23-71
84
85                <data
85-->src\main\AndroidManifest.xml:56:13-71
86                    android:host="cct.com.example.time_tracker"
87                    android:scheme="fbconnect" />
87-->src\main\AndroidManifest.xml:56:19-68
88            </intent-filter>
89        </activity>
90
91        <!--
92             Don't delete the meta-data below.
93             This is used by the Flutter tool to generate GeneratedPluginRegistrant.java
94        -->
95        <meta-data
95-->src\main\AndroidManifest.xml:62:9-64:33
96            android:name="flutterEmbedding"
96-->src\main\AndroidManifest.xml:63:13-44
97            android:value="2" />
97-->src\main\AndroidManifest.xml:64:13-30
98
99        <service
99-->[:firebase_auth] AndroidManifest.xml:8:9-12:19
100            android:name="com.google.firebase.components.ComponentDiscoveryService"
100-->[:firebase_auth] AndroidManifest.xml:8:18-89
101            android:directBootAware="true"
101-->[com.google.firebase:firebase-common:20.0.0] AndroidManifest.xml:35:13-43
102            android:exported="false" >
102-->[com.google.firebase:firebase-auth:21.0.1] AndroidManifest.xml:76:13-37
103            <meta-data
103-->[:firebase_auth] AndroidManifest.xml:9:13-11:85
104                android:name="com.google.firebase.components:io.flutter.plugins.firebase.auth.FlutterFirebaseAuthRegistrar"
104-->[:firebase_auth] AndroidManifest.xml:10:17-124
105                android:value="com.google.firebase.components.ComponentRegistrar" />
105-->[:firebase_auth] AndroidManifest.xml:11:17-82
106            <meta-data
106-->[:firebase_core] AndroidManifest.xml:9:13-11:85
107                android:name="com.google.firebase.components:io.flutter.plugins.firebase.core.FlutterFirebaseCoreRegistrar"
107-->[:firebase_core] AndroidManifest.xml:10:17-124
108                android:value="com.google.firebase.components.ComponentRegistrar" />
108-->[:firebase_core] AndroidManifest.xml:11:17-82
109            <meta-data
109-->[com.google.firebase:firebase-auth:21.0.1] AndroidManifest.xml:77:13-79:85
110                android:name="com.google.firebase.components:com.google.firebase.auth.FirebaseAuthRegistrar"
110-->[com.google.firebase:firebase-auth:21.0.1] AndroidManifest.xml:78:17-109
111                android:value="com.google.firebase.components.ComponentRegistrar" />
111-->[com.google.firebase:firebase-auth:21.0.1] AndroidManifest.xml:79:17-82
112        </service>
113
114        <activity
114-->[com.google.firebase:firebase-auth:21.0.1] AndroidManifest.xml:27:9-44:20
115            android:name="com.google.firebase.auth.internal.GenericIdpActivity"
115-->[com.google.firebase:firebase-auth:21.0.1] AndroidManifest.xml:28:13-80
116            android:excludeFromRecents="true"
116-->[com.google.firebase:firebase-auth:21.0.1] AndroidManifest.xml:29:13-46
117            android:exported="true"
117-->[com.google.firebase:firebase-auth:21.0.1] AndroidManifest.xml:30:13-36
118            android:launchMode="singleTask"
118-->[com.google.firebase:firebase-auth:21.0.1] AndroidManifest.xml:31:13-44
119            android:theme="@android:style/Theme.Translucent.NoTitleBar" >
119-->[com.google.firebase:firebase-auth:21.0.1] AndroidManifest.xml:32:13-72
120            <intent-filter>
120-->[com.google.firebase:firebase-auth:21.0.1] AndroidManifest.xml:33:13-43:29
121                <action android:name="android.intent.action.VIEW" />
121-->src\main\AndroidManifest.xml:53:13-65
121-->src\main\AndroidManifest.xml:53:21-62
122
123                <category android:name="android.intent.category.DEFAULT" />
123-->src\main\AndroidManifest.xml:54:13-72
123-->src\main\AndroidManifest.xml:54:23-69
124                <category android:name="android.intent.category.BROWSABLE" />
124-->src\main\AndroidManifest.xml:55:13-74
124-->src\main\AndroidManifest.xml:55:23-71
125
126                <data
126-->src\main\AndroidManifest.xml:56:13-71
127                    android:host="firebase.auth"
128                    android:path="/"
129                    android:scheme="genericidp" />
129-->src\main\AndroidManifest.xml:56:19-68
130            </intent-filter>
131        </activity>
132        <activity
132-->[com.google.firebase:firebase-auth:21.0.1] AndroidManifest.xml:45:9-62:20
133            android:name="com.google.firebase.auth.internal.RecaptchaActivity"
133-->[com.google.firebase:firebase-auth:21.0.1] AndroidManifest.xml:46:13-79
134            android:excludeFromRecents="true"
134-->[com.google.firebase:firebase-auth:21.0.1] AndroidManifest.xml:47:13-46
135            android:exported="true"
135-->[com.google.firebase:firebase-auth:21.0.1] AndroidManifest.xml:48:13-36
136            android:launchMode="singleTask"
136-->[com.google.firebase:firebase-auth:21.0.1] AndroidManifest.xml:49:13-44
137            android:theme="@android:style/Theme.Translucent.NoTitleBar" >
137-->[com.google.firebase:firebase-auth:21.0.1] AndroidManifest.xml:50:13-72
138            <intent-filter>
138-->[com.google.firebase:firebase-auth:21.0.1] AndroidManifest.xml:51:13-61:29
139                <action android:name="android.intent.action.VIEW" />
139-->src\main\AndroidManifest.xml:53:13-65
139-->src\main\AndroidManifest.xml:53:21-62
140
141                <category android:name="android.intent.category.DEFAULT" />
141-->src\main\AndroidManifest.xml:54:13-72
141-->src\main\AndroidManifest.xml:54:23-69
142                <category android:name="android.intent.category.BROWSABLE" />
142-->src\main\AndroidManifest.xml:55:13-74
142-->src\main\AndroidManifest.xml:55:23-71
143
144                <data
144-->src\main\AndroidManifest.xml:56:13-71
145                    android:host="firebase.auth"
146                    android:path="/"
147                    android:scheme="recaptcha" />
147-->src\main\AndroidManifest.xml:56:19-68
148            </intent-filter>
149        </activity>
150
151        <service
151-->[com.google.firebase:firebase-auth:21.0.1] AndroidManifest.xml:64:9-73:19
152            android:name="com.google.firebase.auth.api.fallback.service.FirebaseAuthFallbackService"
152-->[com.google.firebase:firebase-auth:21.0.1] AndroidManifest.xml:65:13-101
153            android:enabled="true"
153-->[com.google.firebase:firebase-auth:21.0.1] AndroidManifest.xml:66:13-35
154            android:exported="false" >
154-->[com.google.firebase:firebase-auth:21.0.1] AndroidManifest.xml:67:13-37
155            <intent-filter>
155-->[com.google.firebase:firebase-auth:21.0.1] AndroidManifest.xml:68:13-72:29
156                <action android:name="com.google.firebase.auth.api.gms.service.START" />
156-->[com.google.firebase:firebase-auth:21.0.1] AndroidManifest.xml:69:17-89
156-->[com.google.firebase:firebase-auth:21.0.1] AndroidManifest.xml:69:25-86
157
158                <category android:name="android.intent.category.DEFAULT" />
158-->src\main\AndroidManifest.xml:54:13-72
158-->src\main\AndroidManifest.xml:54:23-69
159            </intent-filter>
160        </service>
161
162        <provider
162-->[com.google.firebase:firebase-common:20.0.0] AndroidManifest.xml:26:9-31:39
163            android:name="com.google.firebase.provider.FirebaseInitProvider"
163-->[com.google.firebase:firebase-common:20.0.0] AndroidManifest.xml:27:13-77
164            android:authorities="com.example.time_tracker.firebaseinitprovider"
164-->[com.google.firebase:firebase-common:20.0.0] AndroidManifest.xml:28:13-72
165            android:directBootAware="true"
165-->[com.google.firebase:firebase-common:20.0.0] AndroidManifest.xml:29:13-43
166            android:exported="false"
166-->[com.google.firebase:firebase-common:20.0.0] AndroidManifest.xml:30:13-37
167            android:initOrder="100" />
167-->[com.google.firebase:firebase-common:20.0.0] AndroidManifest.xml:31:13-36
168
169        <activity
169-->[com.google.android.gms:play-services-auth:16.0.1] AndroidManifest.xml:23:9-27:75
170            android:name="com.google.android.gms.auth.api.signin.internal.SignInHubActivity"
170-->[com.google.android.gms:play-services-auth:16.0.1] AndroidManifest.xml:24:13-93
171            android:excludeFromRecents="true"
171-->[com.google.android.gms:play-services-auth:16.0.1] AndroidManifest.xml:25:13-46
172            android:exported="false"
172-->[com.google.android.gms:play-services-auth:16.0.1] AndroidManifest.xml:26:13-37
173            android:theme="@android:style/Theme.Translucent.NoTitleBar" />
173-->[com.google.android.gms:play-services-auth:16.0.1] AndroidManifest.xml:27:13-72
174        <!--
175            Service handling Google Sign-In user revocation. For apps that do not integrate with
176            Google Sign-In, this service will never be started.
177        -->
178        <service
178-->[com.google.android.gms:play-services-auth:16.0.1] AndroidManifest.xml:33:9-36:110
179            android:name="com.google.android.gms.auth.api.signin.RevocationBoundService"
179-->[com.google.android.gms:play-services-auth:16.0.1] AndroidManifest.xml:34:13-89
180            android:exported="true"
180-->[com.google.android.gms:play-services-auth:16.0.1] AndroidManifest.xml:35:13-36
181            android:permission="com.google.android.gms.auth.api.signin.permission.REVOCATION_NOTIFICATION" />
181-->[com.google.android.gms:play-services-auth:16.0.1] AndroidManifest.xml:36:13-107
182
183        <activity
183-->[com.google.android.gms:play-services-base:17.1.0] AndroidManifest.xml:23:9-26:75
184            android:name="com.google.android.gms.common.api.GoogleApiActivity"
184-->[com.google.android.gms:play-services-base:17.1.0] AndroidManifest.xml:24:13-79
185            android:exported="false"
185-->[com.google.android.gms:play-services-base:17.1.0] AndroidManifest.xml:25:13-37
186            android:theme="@android:style/Theme.Translucent.NoTitleBar" />
186-->[com.google.android.gms:play-services-base:17.1.0] AndroidManifest.xml:26:13-72
187        <activity android:name="com.facebook.CustomTabMainActivity" />
187-->[com.facebook.android:facebook-common:8.1.0] AndroidManifest.xml:34:9-71
187-->[com.facebook.android:facebook-common:8.1.0] AndroidManifest.xml:34:19-68
188
189        <meta-data
189-->[com.google.android.gms:play-services-basement:17.1.0] AndroidManifest.xml:23:9-25:69
190            android:name="com.google.android.gms.version"
190-->[com.google.android.gms:play-services-basement:17.1.0] AndroidManifest.xml:24:13-58
191            android:value="@integer/google_play_services_version" />
191-->[com.google.android.gms:play-services-basement:17.1.0] AndroidManifest.xml:25:13-66
192        <!--
193         The initialization ContentProvider will call FacebookSdk.sdkInitialize automatically
194         with the application context. This config is merged in with the host app's manifest,
195         but there can only be one provider with the same authority activated at any given
196         point; so if the end user has two or more different apps that use Facebook SDK, only the
197         first one will be able to use the provider. To work around this problem, we use the
198         following placeholder in the authority to identify each host application as if it was
199         a completely different provider.
200        -->
201        <provider
201-->[com.facebook.android:facebook-core:8.1.0] AndroidManifest.xml:39:9-42:40
202            android:name="com.facebook.internal.FacebookInitProvider"
202-->[com.facebook.android:facebook-core:8.1.0] AndroidManifest.xml:40:13-70
203            android:authorities="com.example.time_tracker.FacebookInitProvider"
203-->[com.facebook.android:facebook-core:8.1.0] AndroidManifest.xml:41:13-72
204            android:exported="false" />
204-->[com.facebook.android:facebook-core:8.1.0] AndroidManifest.xml:42:13-37
205
206        <receiver
206-->[com.facebook.android:facebook-core:8.1.0] AndroidManifest.xml:44:9-50:20
207            android:name="com.facebook.CurrentAccessTokenExpirationBroadcastReceiver"
207-->[com.facebook.android:facebook-core:8.1.0] AndroidManifest.xml:45:13-86
208            android:exported="false" >
208-->[com.facebook.android:facebook-core:8.1.0] AndroidManifest.xml:46:13-37
209            <intent-filter>
209-->[com.facebook.android:facebook-core:8.1.0] AndroidManifest.xml:47:13-49:29
210                <action android:name="com.facebook.sdk.ACTION_CURRENT_ACCESS_TOKEN_CHANGED" />
210-->[com.facebook.android:facebook-core:8.1.0] AndroidManifest.xml:48:17-95
210-->[com.facebook.android:facebook-core:8.1.0] AndroidManifest.xml:48:25-92
211            </intent-filter>
212        </receiver>
213    </application>
214
215</manifest>